\BOOKMARK [1][-]{section.1}{\376\377\000A\000\040\000k\000l\000a\000s\000s\000z\000i\000k\000u\000s\000\040\000m\000e\000c\000h\000a\000n\000i\000k\000a\000\040\000a\000l\000a\000p\000j\000a\000i}{}% 1
\BOOKMARK [2][-]{subsection.1.1}{\376\377\000K\000i\000n\000e\000m\000a\000t\000i\000k\000a\000i\000\040\000a\000l\000a\000p\000f\000o\000g\000a\000l\000m\000a\000k}{section.1}% 2
\BOOKMARK [2][-]{subsection.1.2}{\376\377\000m\000o\000z\000g\000\341\000s\000\040\000l\000e\000\355\000r\000\341\000s\000a\000\040\000k\000\374\000l\000\366\000n\000b\000\366\000z\001\121\000\040\000k\000o\000o\000r\000d\000i\000n\000\341\000t\000a\000-\000r\000e\000n\000d\000s\000z\000e\000r\000e\000k\000b\000e\000n}{section.1}% 3
\BOOKMARK [3][-]{subsubsection.1.2.1}{\376\377\000t\000e\000r\000m\000\351\000s\000z\000e\000t\000e\000s\000\040\000k\000o\000o\000r\000d\000i\000n\000\341\000t\000a\000-\000r\000e\000n\000d\000s\000z\000e\000r}{subsection.1.2}% 4
\BOOKMARK [2][-]{subsection.1.3}{\376\377\000N\000e\000w\000t\000o\000n\000-\000t\000\366\000r\000v\000\351\000n\000y\000e\000k\000,\000\040\000m\000o\000z\000g\000\341\000s\000e\000g\000y\000e\000n\000l\000e\000t\000,\000\040\000t\000e\000h\000e\000t\000e\000t\000l\000e\000n\000\040\000\351\000s\000\040\000s\000\372\000l\000y\000o\000s\000\040\000t\000\366\000m\000e\000g}{section.1}% 5
\BOOKMARK [3][-]{subsubsection.1.3.1}{\376\377\000m\000o\000z\000g\000\341\000s\000e\000g\000y\000e\000n\000l\000e\000t}{subsection.1.3}% 6
\BOOKMARK [3][-]{subsubsection.1.3.2}{\376\377\000t\000e\000h\000e\000t\000e\000t\000l\000e\000n\000\040\000\351\000s\000\040\000s\000\372\000l\000y\000o\000s\000\040\000t\000\366\000m\000e\000g}{subsection.1.3}% 7
\BOOKMARK [2][-]{subsection.1.4}{\376\377\000G\000y\000o\000r\000s\000u\000l\000\363\000\040\000k\000o\000o\000r\000d\000i\000n\000\341\000t\000a\000-\000r\000e\000n\000d\000s\000z\000e\000r\000e\000k\000,\000\040\000j\000e\000l\000e\000n\000s\000\351\000g\000e\000k\000\040\000a\000\040\000f\000o\000r\000g\000\363\000\040\000f\000\366\000l\000d\000\366\000n}{section.1}% 8
\BOOKMARK [3][-]{subsubsection.1.4.1}{\376\377\000g\000y\000o\000r\000s\000u\000l\000\363\000\040\000k\000o\000o\000r\000d\000i\000n\000\341\000t\000a\000-\000r\000e\000n\000d\000s\000z\000e\000r\000e\000k}{subsection.1.4}% 9
\BOOKMARK [3][-]{subsubsection.1.4.2}{\376\377\000j\000e\000l\000e\000n\000s\000\351\000g\000e\000k\000\040\000a\000\040\000f\000o\000r\000g\000\363\000\040\000f\000\366\000l\000d\000\366\000n}{subsection.1.4}% 10
\BOOKMARK [2][-]{subsection.1.5}{\376\377\000M\000u\000n\000k\000a\000t\000\351\000t\000e\000l\000,\000\040\000E\000n\000e\000r\000g\000i\000a\000-\000,\000\040\000i\000m\000p\000u\000l\000z\000u\000s\000-\000\040\000\351\000s\000\040\000i\000m\000p\000u\000l\000z\000u\000s\000m\000o\000m\000e\000n\000t\000u\000m\000\040\000m\000e\000g\000m\000a\000r\000a\000d\000\341\000s\000\040\000t\000\366\000m\000e\000g\000p\000o\000n\000t\000r\000a}{section.1}% 11
\BOOKMARK [3][-]{subsubsection.1.5.1}{\376\377\000E\000r\001\121\000t\000e\000r\000e\000k}{subsection.1.5}% 12
\BOOKMARK [3][-]{subsubsection.1.5.2}{\376\377\000K\000o\000n\000z\000e\000r\000v\000a\000t\000\355\000v\000\040\000e\000r\001\121\000t\000\351\000r}{subsection.1.5}% 13
\BOOKMARK [3][-]{subsubsection.1.5.3}{\376\377\000I\000m\000p\000u\000l\000z\000u\000s}{subsection.1.5}% 14
\BOOKMARK [3][-]{subsubsection.1.5.4}{\376\377\000I\000m\000p\000u\000l\000z\000u\000s\000m\000o\000m\000e\000n\000t\000u\000m}{subsection.1.5}% 15
\BOOKMARK [2][-]{subsection.1.6}{\376\377\000P\000o\000n\000t\000r\000e\000n\000d\000s\000z\000e\000r\000e\000k}{section.1}% 16
\BOOKMARK [3][-]{subsubsection.1.6.1}{\376\377\000f\000o\000r\000g\000\341\000s}{subsection.1.6}% 17
\BOOKMARK [2][-]{subsection.1.7}{\376\377\000M\000e\000r\000e\000v\000\040\000t\000e\000s\000t\000e\000k\000\040\000e\000g\000y\000e\000n\000s\000\372\000l\000y\000f\000e\000l\000t\000\351\000t\000e\000l\000e\000,\000\040\000t\000e\000h\000e\000t\000e\000t\000l\000e\000n\000s\000\351\000g\000i\000\040\000t\000e\000n\000z\000o\000r\000,\000\040\000p\000\366\000r\000g\000e\000t\000t\000y\001\161\000k}{section.1}% 18
\BOOKMARK [3][-]{subsubsection.1.7.1}{\376\377\000M\000e\000r\000e\000v\000\040\000t\000e\000s\000t\000\040\000e\000g\000y\000e\000n\000s\000\372\000l\000y\000f\000e\000l\000t\000\351\000t\000e\000l\000e}{subsection.1.7}% 19
\BOOKMARK [3][-]{subsubsection.1.7.2}{\376\377\000T\000e\000h\000e\000t\000e\000t\000l\000e\000n\000s\000\351\000g\000i\000\040\000t\000e\000n\000z\000o\000r}{subsection.1.7}% 20
\BOOKMARK [3][-]{subsubsection.1.7.3}{\376\377\000p\000\366\000r\000g\000e\000t\000t\000y\001\161\000k}{subsection.1.7}% 21
\BOOKMARK [3][-]{subsubsection.1.7.4}{\376\377\000E\000n\000e\000r\000g\000i\000a\000,\000\040\000i\000m\000p\000u\000l\000z\000u\000s\000\040\000\351\000s\000\040\000i\000m\000p\000u\000l\000z\000u\000s\000m\000o\000m\000e\000n\000t\000u\000m\000\040\000m\000e\000g\000m\000a\000r\000a\000d\000\341\000s\000\040\000m\000e\000r\000e\000v\000\040\000t\000e\000s\000t\000e\000k\000\040\000e\000s\000e\000t\000\351\000n}{subsection.1.7}% 22
\BOOKMARK [2][-]{subsection.1.8}{\376\377\000G\000a\000l\000i\000l\000e\000i\000-\000,\000\040\000L\000o\000r\000e\000n\000t\000z\000-\000t\000r\000a\000n\000s\000z\000f\000o\000r\000m\000\341\000c\000i\000\363\000,\000\040\000r\000e\000l\000a\000t\000i\000v\000i\000s\000z\000t\000i\000k\000u\000s\000\040\000k\000i\000n\000e\000m\000a\000t\000i\000k\000a\000,\000\040\000r\000e\000l\000a\000t\000i\000v\000i\000s\000z\000t\000i\000k\000u\000s\000\040\000d\000i\000n\000a\000m\000i\000k\000a\000.\000\040\000N\000\351\000g\000y\000e\000s\000i\000m\000p\000u\000l\000z\000u\000s\000.}{section.1}% 23
\BOOKMARK [3][-]{subsubsection.1.8.1}{\376\377\000R\000e\000l\000a\000t\000i\000v\000i\000t\000\341\000s\000\040\000e\000l\000v\000e}{subsection.1.8}% 24
\BOOKMARK [3][-]{subsubsection.1.8.2}{\376\377\000G\000a\000l\000i\000l\000e\000i\000\040\000t\000r\000a\000n\000s\000z\000f\000o\000r\000m\000\341\000c\000i\000\363}{subsection.1.8}% 25
\BOOKMARK [3][-]{subsubsection.1.8.3}{\376\377\000L\000o\000r\000e\000n\000t\000z\000\040\000t\000r\000a\000n\000s\000z\000f\000o\000r\000m\000\341\000c\000i\000\363}{subsection.1.8}% 26
\BOOKMARK [2][-]{subsection.1.9}{\376\377\000R\000e\000l\000a\000t\000i\000v\000i\000s\000z\000t\000i\000k\000u\000s\000\040\000k\000i\000n\000e\000m\000a\000t\000i\000k\000a}{section.1}% 27
\BOOKMARK [2][-]{subsection.1.10}{\376\377\000R\000e\000l\000a\000t\000i\000v\000i\000s\000z\000t\000i\000k\000u\000s\000\040\000d\000i\000n\000a\000m\000i\000k\000a\000.\000\040\000N\000\351\000g\000y\000e\000s\000i\000m\000p\000u\000l\000z\000u\000s\000.}{section.1}% 28
\BOOKMARK [1][-]{section.2}{\376\377\000A\000\040\000k\000l\000a\000s\000s\000z\000i\000k\000u\000s\000\040\000m\000e\000c\000h\000a\000n\000i\000k\000a\000\040\000e\000l\000v\000e\000i}{}% 29
\BOOKMARK [2][-]{subsection.2.1}{\376\377\000B\000e\000v\000e\000z\000e\000t\001\121}{section.2}% 30
\BOOKMARK [2][-]{subsection.2.2}{\376\377\000V\000i\000r\000t\000u\000\341\000l\000i\000s\000\040\000m\000u\000n\000k\000a\000\040\000e\000l\000v\000e\000,\000\040\000H\000a\000m\000i\000l\000t\000o\000n\000-\000e\000l\000v\000.\000\040\000L\000e\000g\000k\000i\000s\000e\000b\000b\000\040\000h\000a\000t\000\341\000s\000\040\000e\000l\000v\000e\000.}{section.2}% 31
\BOOKMARK [3][-]{subsubsection.2.2.1}{\376\377\000V\000i\000r\000t\000u\000\341\000l\000i\000s\000\040\000m\000u\000n\000k\000a\000\040\000e\000l\000v\000e}{subsection.2.2}% 32
\BOOKMARK [3][-]{subsubsection.2.2.2}{\376\377\000H\000a\000m\000i\000l\000t\000o\000n\000-\000e\000l\000v\000,\000\040\000L\000e\000g\000k\000i\000s\000e\000b\000b\000\040\000h\000a\000t\000\341\000s\000\040\000e\000l\000v\000e}{subsection.2.2}% 33
\BOOKMARK [3][-]{subsubsection.2.2.3}{\376\377\000L\000a\000g\000r\000a\000n\000g\000e\000-\000f\000\351\000l\000e\000\040\000e\000l\000s\001\121\000f\000a\000j\000\372\000\040\000\351\000s\000\040\000m\000\341\000s\000o\000d\000f\000a\000j\000\372\000\040\000e\000g\000y\000e\000n\000l\000e\000t\000e\000k}{subsection.2.2}% 34
\BOOKMARK [2][-]{subsection.2.3}{\376\377\000S\000z\000i\000m\000m\000e\000t\000r\000i\000\341\000k\000\040\000\351\000s\000\040\000m\000e\000g\000m\000a\000r\000a\000d\000\341\000s\000i\000\040\000t\000\351\000t\000e\000l\000e\000k}{section.2}% 35
\BOOKMARK [2][-]{subsection.2.4}{\376\377\000S\000z\000i\000m\000m\000e\000t\000r\000i\000\341\000k\000\040\000\341\000l\000t\000a\000l\000\341\000n\000o\000s\000a\000n}{section.2}% 36
\BOOKMARK [2][-]{subsection.2.5}{\376\377\000H\000a\000m\000i\000l\000t\000o\000n\000\040\000f\000\374\000g\000g\000v\000\351\000n\000y\000,\000\040\000k\000a\000n\000o\000n\000i\000k\000u\000s\000\040\000e\000g\000y\000e\000n\000l\000e\000t\000e\000k\000,\000\040\000k\000a\000n\000o\000n\000i\000k\000u\000s\000\040\000t\000r\000a\000n\000s\000z\000f\000o\000r\000m\000\341\000c\000i\000\363\000k}{section.2}% 37
\BOOKMARK [3][-]{subsubsection.2.5.1}{\376\377\000K\000a\000n\000o\000n\000i\000k\000u\000s\000\040\000e\000g\000y\000e\000n\000l\000e\000t\000e\000k}{subsection.2.5}% 38
\BOOKMARK [3][-]{subsubsection.2.5.2}{\376\377\000K\000a\000n\000o\000n\000i\000k\000u\000s\000\040\000t\000r\000a\000n\000s\000z\000f\000o\000r\000m\000\341\000c\000i\000\363\000k}{subsection.2.5}% 39
\BOOKMARK [1][-]{section.3}{\376\377\000E\000g\000z\000a\000k\000t\000u\000l\000\040\000m\000e\000g\000l\000d\000h\000a\000t\000\363\000\040\000F\000i\000z\000i\000k\000a\000i\000\040\000p\000r\000o\000b\000l\000\351\000m\000\341\000k}{}% 40
\BOOKMARK [2][-]{subsection.3.1}{\376\377\000C\000s\000i\000l\000l\000a\000p\000\355\000t\000o\000t\000t\000\040\000\351\000s\000\040\000k\000\351\000n\000y\000s\000z\000e\000r\000r\000e\000z\000g\000\351\000s\000e\000k\000,\000\040\000c\000s\000a\000t\000o\000l\000t\000\040\000r\000e\000z\000g\000\351\000s\000e\000k\000,\000\040\000l\000i\000n\000e\000\341\000r\000i\000s\000\040\000l\000\341\000n\000c}{section.3}% 41
\BOOKMARK [3][-]{subsubsection.3.1.1}{\376\377\000C\000s\000i\000l\000l\000a\000p\000\355\000t\000o\000t\000t\000\040\000r\000e\000z\000g\000\351\000s}{subsection.3.1}% 42
\BOOKMARK [3][-]{subsubsection.3.1.2}{\376\377\000k\000\351\000n\000y\000s\000z\000e\000r\000r\000e\000z\000g\000\351\000s\000e\000k}{subsection.3.1}% 43
\BOOKMARK [3][-]{subsubsection.3.1.3}{\376\377\000C\000s\000a\000t\000o\000l\000t\000\040\000r\000e\000z\000g\000\351\000s\000e\000k}{subsection.3.1}% 44
\BOOKMARK [3][-]{subsubsection.3.1.4}{\376\377\000L\000i\000n\000e\000\341\000r\000i\000s\000\040\000l\000\341\000n\000c}{subsection.3.1}% 45
\BOOKMARK [2][-]{subsection.3.2}{\376\377\000!\000K\000e\000p\000l\000e\000r\000-\000P\000r\000o\000b\000l\000\351\000m\000a\000,\000\040\000b\000o\000l\000y\000g\000\363\000m\000o\000z\000g\000\341\000s}{section.3}% 46
\BOOKMARK [3][-]{subsubsection.3.2.1}{\376\377\000K\000e\000p\000l\000e\000r\000-\000p\000r\000o\000b\000l\000\351\000m\000a\000\040\000m\000e\000g\000o\000l\000d\000\341\000s\000a}{subsection.3.2}% 47
\BOOKMARK [2][-]{subsection.3.3}{\376\377\000K\000v\000a\000n\000t\000u\000m\000m\000e\000c\000h\000a\000n\000i\000k\000a\000i\000\040\000p\000r\000o\000b\000l\000\351\000m\000\341\000k}{section.3}% 48
\BOOKMARK [3][-]{subsubsection.3.3.1}{\376\377\000P\000o\000t\000e\000n\000c\000i\000\341\000l\000v\000\366\000l\000g\000y}{subsection.3.3}% 49
\BOOKMARK [3][-]{subsubsection.3.3.2}{\376\377\000O\000s\000z\000c\000i\000l\000l\000\341\000t\000o\000r}{subsection.3.3}% 50
\BOOKMARK [3][-]{subsubsection.3.3.3}{\376\377\000!\000R\000o\000t\000\341\000t\000o\000r}{subsection.3.3}% 51
\BOOKMARK [3][-]{subsubsection.3.3.4}{\376\377\000A\000\040\000H\000i\000d\000r\000o\000g\000\351\000n\000a\000t\000o\000m}{subsection.3.3}% 52
\BOOKMARK [1][-]{section.4}{\376\377\000F\000o\000l\000y\000t\000o\000n\000o\000s\000\040\000k\000\366\000z\000e\000g\000e\000k\000\040\000m\000e\000c\000h\000a\000n\000i\000k\000\341\000j\000a}{}% 53
\BOOKMARK [2][-]{subsection.4.1}{\376\377\000R\000u\000g\000a\000l\000m\000a\000s\000\040\000\351\000s\000\040\000k\000\351\000p\000l\000\351\000k\000e\000n\000y\000\040\000a\000l\000a\000k\000v\000\341\000l\000t\000o\000z\000\341\000s\000o\000k\000,\000\040\000H\000o\000o\000k\000e\000-\000t\000\366\000r\000v\000\351\000n\000y\000,\000\040\000s\000p\000e\000c\000i\000\341\000l\000i\000s\000\040\000d\000e\000f\000o\000r\000m\000\341\000c\000i\000\363\000k}{section.4}% 54
\BOOKMARK [3][-]{subsubsection.4.1.1}{\376\377\000S\000p\000e\000c\000i\000\341\000l\000i\000s\000\040\000d\000e\000f\000o\000r\000m\000\341\000c\000i\000\363\000k}{subsection.4.1}% 55
\BOOKMARK [2][-]{subsection.4.2}{\376\377\000A\000\040\000d\000e\000f\000o\000r\000m\000\341\000c\000i\000\363\000\040\000j\000e\000l\000l\000e\000m\000z\000\351\000s\000e\000,\000\040\000f\000e\000s\000z\000\374\000l\000t\000s\000\351\000g\000-\000\040\000\351\000s\000\040\000d\000e\000f\000o\000r\000m\000\341\000c\000i\000\363\000s\000\040\000t\000e\000n\000z\000o\000r}{section.4}% 56
\BOOKMARK [2][-]{subsection.4.3}{\376\377\000F\000o\000l\000y\000a\000d\000\351\000k\000o\000k\000\040\000t\000u\000l\000a\000j\000d\000o\000n\000s\000\341\000g\000a\000i\000,\000\040\000h\000i\000d\000r\000o\000s\000z\000t\000a\000t\000i\000k\000a\000,\000\040\000f\000e\000l\000\374\000l\000e\000t\000i\000\040\000f\000e\000s\000z\000\374\000l\000t\000s\000\351\000g\000,\000\040\000g\000\366\000r\000b\000\374\000l\000e\000t\000i\000\040\000n\000y\000o\000m\000\341\000s\000,\000\040\000f\000e\000l\000h\000a\000j\000t\000\363\000e\000r\001\121}{section.4}% 57
\BOOKMARK [2][-]{subsection.4.4}{\376\377\000\301\000r\000a\000m\000l\000\341\000s\000o\000k\000\040\000j\000e\000l\000l\000e\000m\000z\000\351\000s\000e\000,\000\040\000B\000e\000r\000n\000o\000u\000l\000l\000i\000-\000e\000g\000y\000e\000n\000l\000e\000t\000,\000\040\000t\000\366\000k\000\351\000l\000e\000t\000e\000s\000\040\000f\000o\000l\000y\000a\000d\000\351\000k\000\040\000\341\000r\000a\000m\000l\000\341\000s\000a\000,\000\040\000E\000u\000l\000e\000r\000-\000e\000g\000y\000e\000n\000l\000e\000t\000e\000k}{section.4}% 58
\BOOKMARK [2][-]{subsection.4.5}{\376\377\000V\000i\000s\000z\000k\000\363\000z\000u\000s\000\040\000f\000o\000l\000y\000a\000d\000\351\000k\000\040\000\341\000r\000a\000m\000l\000\341\000s\000a\000,\000\040\000\366\000r\000v\000\351\000n\000y\000e\000k\000,\000\040\000t\000u\000r\000b\000u\000l\000e\000n\000c\000i\000a\000,\000\040\000R\000e\000y\000n\000o\000l\000d\000s\000-\000s\000z\000\341\000m}{section.4}% 59
\BOOKMARK [1][-]{section.5}{\376\377\000F\000e\000n\000o\000m\000e\000n\000o\000l\000o\000g\000i\000k\000u\000s\000\040\000t\000e\000r\000m\000o\000d\000i\000n\000a\000m\000i\000k\000a}{}% 60
\BOOKMARK [2][-]{subsection.5.1}{\376\377\000T\000e\000r\000m\000o\000d\000i\000n\000a\000m\000i\000k\000a\000i\000\040\000\341\000l\000l\000a\000p\000o\000t\000j\000e\000l\000z\001\121\000k\000,\000\040\000h\001\121\000t\000\341\000g\000u\000l\000\341\000s\000,\000\040\000i\000d\000e\000\341\000l\000i\000s\000\040\000g\000\341\000z\000,\000\040\000k\000i\000n\000e\000t\000i\000k\000u\000s\000\040\000m\000o\000d\000e\000l\000l}{section.5}% 61
\BOOKMARK [3][-]{subsubsection.5.1.1}{\376\377\000T\000e\000r\000m\000o\000d\000i\000n\000a\000m\000i\000k\000a\000i\000\040\000\341\000l\000l\000a\000p\000o\000t\000j\000e\000l\000z\001\121\000k}{subsection.5.1}% 62
\BOOKMARK [3][-]{subsubsection.5.1.2}{\376\377\000H\001\121\000t\000\341\000g\000u\000l\000\341\000s\000,\000\040\000K\000o\000m\000p\000r\000e\000s\000s\000z\000i\000b\000i\000l\000i\000t\000\341\000s\000,\000\040\000F\000e\000s\000z\000\374\000l\000t\000s\000\351\000g}{subsection.5.1}% 63
\BOOKMARK [3][-]{subsubsection.5.1.3}{\376\377\000K\000i\000n\000e\000t\000i\000k\000u\000s\000\040\000G\000\341\000z\000e\000l\000m\000\351\000l\000e\000t\000\040\000-\000\040\000K\000i\000n\000e\000t\000i\000k\000u\000s\000\040\000m\000o\000d\000e\000l\000l}{subsection.5.1}% 64
\BOOKMARK [2][-]{subsection.5.2}{\376\377\000N\000y\000\355\000l\000t\000\040\000\351\000s\000\040\000z\000\341\000r\000t\000\040\000f\000o\000l\000y\000a\000m\000a\000t\000o\000k\000,\000\040\000C\000a\000r\000n\000o\000t\000-\000f\000o\000l\000y\000a\000m\000a\000t\000,\000\040\000F\001\121\000t\000\351\000t\000e\000l\000e\000k}{section.5}% 65
\BOOKMARK [3][-]{subsubsection.5.2.1}{\376\377\000T\000e\000m\000o\000d\000i\000n\000a\000m\000i\000k\000a\000\040\000I\000.\000\040\000f\001\121\000t\000\351\000t\000e\000l\000e}{subsection.5.2}% 66
\BOOKMARK [3][-]{subsubsection.5.2.2}{\376\377\000T\000e\000r\000m\000o\000d\000i\000n\000a\000m\000i\000k\000a\000i\000\040\000f\000o\000l\000y\000a\000m\000a\000t\000o\000k}{subsection.5.2}% 67
\BOOKMARK [3][-]{subsubsection.5.2.3}{\376\377\000A\000d\000i\000a\000b\000a\000t\000i\000k\000u\000s\000\040\000f\000o\000l\000y\000a\000m\000a\000t\000o\000k}{subsection.5.2}% 68
\BOOKMARK [3][-]{subsubsection.5.2.4}{\376\377\000P\000o\000l\000i\000t\000r\000o\000p\000\040\000f\000o\000l\000y\000a\000m\000a\000t\000o\000k}{subsection.5.2}% 69
\BOOKMARK [3][-]{subsubsection.5.2.5}{\376\377\000K\000\366\000r\000f\000o\000l\000y\000a\000m\000a\000t\000o\000k\000,\000\040\000i\000r\000r\000e\000v\000e\000r\000z\000i\000b\000i\000l\000i\000t\000\341\000s}{subsection.5.2}% 70
\BOOKMARK [3][-]{subsubsection.5.2.6}{\376\377\000E\000n\000t\000r\000\363\000p\000i\000a\000,\000\040\000F\001\121\000t\000\351\000t\000e\000l\000e\000k\000\040\000e\000g\000y\000e\000s\000\355\000t\000e\000t\000t\000\040\000a\000l\000a\000k\000j\000a}{subsection.5.2}% 71
\BOOKMARK [2][-]{subsection.5.3}{\376\377\000K\000\351\000m\000i\000a\000i\000\040\000P\000o\000t\000e\000n\000c\000i\000\341\000l}{section.5}% 72
\BOOKMARK [2][-]{subsection.5.4}{\376\377\000T\000e\000r\000m\000o\000d\000i\000n\000a\000m\000i\000k\000a\000i\000\040\000p\000o\000t\000e\000n\000c\000i\000\341\000l\000o\000k}{section.5}% 73
\BOOKMARK [2][-]{subsection.5.5}{\376\377\000F\000u\000n\000d\000a\000m\000e\000n\000t\000\341\000l\000i\000s\000\040\000e\000g\000y\000e\000n\000l\000e\000t}{section.5}% 74
\BOOKMARK [3][-]{subsubsection.5.5.1}{\376\377\000\326\000s\000s\000z\000e\000t\000e\000t\000t\000\040\000r\000e\000n\000d\000s\000z\000e\000r\000e\000k\000\040\000e\000g\000y\000e\000n\000s\000\372\000l\000y\000i\000\040\000\341\000l\000l\000a\000p\000o\000t\000a}{subsection.5.5}% 75
\BOOKMARK [2][-]{subsection.5.6}{\376\377\000F\000\341\000z\000i\000s\000\341\000t\000a\000l\000a\000k\000u\000l\000\341\000s\000o\000k\000,\000\040\000F\000\341\000z\000i\000s\000\341\000t\000a\000l\000a\000k\000u\000l\000\341\000s\000o\000k\000\040\000j\000e\000l\000l\000e\000m\000z\001\121\000i\000,\000\040\000t\000\355\000p\000u\000s\000a\000i\000,\000\040\000G\000i\000b\000b\000s\000-\000f\000\351\000l\000e\000\040\000f\000\341\000z\000i\000s\000s\000z\000a\000b\000\341\000l\000y\000,\000\040\000f\000\341\000z\000i\000s\000d\000i\000a\000g\000r\000a\000m\000o\000k\000,\000\040\000f\000\341\000z\000i\000s\000e\000g\000y\000e\000n\000s\000\372\000l\000y\000o\000k}{section.5}% 76
\BOOKMARK [3][-]{subsubsection.5.6.1}{\376\377\000E\000g\000y\000k\000o\000m\000p\000o\000n\000e\000n\000s\001\161\000\040\000r\000e\000n\000d\000s\000z\000e\000r\000e\000k\000\040\000e\000g\000y\000e\000n\000s\000\372\000l\000y\000i\000\040\000\341\000l\000l\000a\000p\000o\000t\000a}{subsection.5.6}% 77
\BOOKMARK [3][-]{subsubsection.5.6.2}{\376\377\000F\000\341\000z\000i\000s\000\341\000t\000a\000l\000a\000k\000u\000l\000\341\000s\000o\000k\000,\000\040\000f\000\341\000z\000i\000s\000d\000i\000a\000g\000r\000a\000m\000o\000k}{subsection.5.6}% 78
\BOOKMARK [3][-]{subsubsection.5.6.3}{\376\377\000f\000o\000l\000y\000t\000o\000n\000o\000s\000\040\000f\000\341\000z\000i\000s\000\341\000t\000a\000l\000a\000k\000u\000l\000\341\000s\000o\000k\000,\000\040\000G\000i\000b\000b\000s\000-\000f\000\351\000l\000e\000\040\000f\000\341\000z\000i\000s\000s\000z\000a\000b\000\341\000l\000y}{subsection.5.6}% 79
\BOOKMARK [2][-]{subsection.5.7}{\376\377\000T\000e\000r\000m\000o\000d\000i\000n\000a\000m\000i\000k\000a\000\040\000I\000I\000I\000.\000\040\000F\001\121\000t\000\351\000t\000e\000l\000e}{section.5}% 80
\BOOKMARK [1][-]{section.6}{\376\377\000E\000l\000e\000k\000t\000r\000o\000-\000\040\000\351\000s\000\040\000m\000a\000g\000n\000e\000t\000o\000s\000z\000t\000a\000t\000i\000k\000a\000,\000\040\000\341\000r\000a\000m\000k\000\366\000r\000\366\000k}{}% 81
\BOOKMARK [2][-]{subsection.6.1}{\376\377\000B\000e\000v\000e\000z\000e\000t\000\351\000s}{section.6}% 82
\BOOKMARK [3][-]{subsubsection.6.1.1}{\376\377\000a\000\040\000n\000\351\000g\000y\000\040\000f\000u\000n\000d\000a\000m\000e\000n\000t\000\341\000l\000i\000s\000\040\000e\000r\001\121}{subsection.6.1}% 83
\BOOKMARK [3][-]{subsubsection.6.1.2}{\376\377\000e\000l\000e\000k\000t\000r\000o\000d\000i\000n\000a\000m\000i\000k\000a\000\040\000\351\000s\000\040\000t\000\351\000r\000e\000l\000m\000\351\000l\000e\000t}{subsection.6.1}% 84
\BOOKMARK [3][-]{subsubsection.6.1.3}{\376\377\000A\000\040\000t\000\366\000l\000t\000\351\000s}{subsection.6.1}% 85
\BOOKMARK [2][-]{subsection.6.2}{\376\377\000C\000o\000u\000l\000o\000m\000b\000-\000\040\000\351\000s\000\040\000G\000a\000u\000s\000s\000-\000t\000\366\000r\000v\000\351\000n\000y\000,\000\040\000s\000z\000u\000p\000e\000r\000p\000o\000z\000\355\000c\000i\000\363\000\040\000e\000l\000v\000e}{section.6}% 86
\BOOKMARK [3][-]{subsubsection.6.2.1}{\376\377\000s\000z\000u\000p\000e\000r\000p\000o\000z\000\355\000c\000i\000\363}{subsection.6.2}% 87
\BOOKMARK [3][-]{subsubsection.6.2.2}{\376\377\000G\000a\000u\000s\000s\000-\000t\000\366\000r\000v\000\351\000n\000y}{subsection.6.2}% 88
\BOOKMARK [3][-]{subsubsection.6.2.3}{\376\377\000E\000l\000e\000k\000t\000r\000o\000m\000o\000s\000\040\000t\000\351\000r\000\040\000r\000o\000t\000\341\000c\000i\000\363\000j\000a}{subsection.6.2}% 89
\BOOKMARK [3][-]{subsubsection.6.2.4}{\376\377\000E\000l\000e\000k\000t\000r\000o\000m\000o\000s\000\040\000p\000o\000t\000e\000n\000c\000i\000\341\000l}{subsection.6.2}% 90
\BOOKMARK [3][-]{subsubsection.6.2.5}{\376\377\000P\000o\000i\000s\000s\000o\000n\000\040\000\351\000s\000\040\000L\000a\000p\000l\000a\000c\000e\000\040\000e\000g\000y\000e\000n\000l\000e\000t\000e\000k}{subsection.6.2}% 91
\BOOKMARK [3][-]{subsubsection.6.2.6}{\376\377\000E\000l\000e\000k\000t\000r\000o\000m\000o\000s\000\040\000t\000\351\000r\000\040\000m\000u\000n\000k\000a\000v\000\351\000g\000z\000\351\000s\000e}{subsection.6.2}% 92
\BOOKMARK [2][-]{subsection.6.3}{\376\377\000V\000e\000z\000e\000t\001\121\000k\000,\000\040\000s\000z\000i\000g\000e\000t\000e\000l\001\121\000k\000,\000\040\000d\000i\000e\000l\000e\000k\000t\000r\000o\000m\000o\000s\000\040\000p\000o\000l\000a\000r\000i\000z\000\341\000c\000i\000\363\000.\000\040\000K\000o\000n\000d\000e\000n\000z\000\341\000t\000o\000r}{section.6}% 93
\BOOKMARK [3][-]{subsubsection.6.3.1}{\376\377\000V\000e\000z\000e\000t\001\121\000k\000\040\000\351\000s\000\040\000s\000z\000i\000g\000e\000t\000e\000l\001\121\000k}{subsection.6.3}% 94
\BOOKMARK [3][-]{subsubsection.6.3.2}{\376\377\000K\000e\000l\000t\000e\000t\000t\000\040\000t\000\366\000l\000t\000\351\000s\000\040\000v\000e\000z\000e\000t\001\121\000k\000b\000e\000n}{subsection.6.3}% 95
\BOOKMARK [3][-]{subsubsection.6.3.3}{\376\377\000K\000o\000n\000d\000e\000n\000z\000\341\000t\000o\000r}{subsection.6.3}% 96
\BOOKMARK [3][-]{subsubsection.6.3.4}{\376\377\000D\000i\000e\000l\000e\000k\000t\000r\000o\000m\000o\000s\000\040\000p\000o\000l\000a\000r\000i\000z\000\341\000c\000i\000\363}{subsection.6.3}% 97
\BOOKMARK [3][-]{subsubsection.6.3.5}{\376\377\000P\000o\000l\000a\000r\000i\000z\000\341\000l\000t\000\040\000a\000n\000y\000a\000g\000\040\000e\000l\000e\000k\000t\000r\000o\000m\000o\000s\000\040\000t\000e\000r\000e}{subsection.6.3}% 98
\BOOKMARK [3][-]{subsubsection.6.3.6}{\376\377\000E\000l\000e\000k\000t\000r\000o\000m\000o\000s\000\040\000e\000l\000t\000o\000l\000\341\000s}{subsection.6.3}% 99
\BOOKMARK [3][-]{subsubsection.6.3.7}{\376\377\000L\000i\000n\000e\000\341\000r\000i\000s\000\040\000d\000i\000e\000l\000e\000k\000t\000r\000i\000k\000u\000m}{subsection.6.3}% 100
\BOOKMARK [3][-]{subsubsection.6.3.8}{\376\377\000K\000o\000n\000d\000e\000n\000z\000\341\000t\000o\000r\000\040\000d\000i\000e\000l\000e\000k\000t\000r\000i\000k\000u\000m\000m\000a\000l}{subsection.6.3}% 101
\BOOKMARK [2][-]{subsection.6.4}{\376\377\000M\000a\000g\000n\000e\000t\000o\000s\000z\000t\000a\000t\000i\000k\000a\000,\000\040\000L\000o\000r\000e\000n\000t\000z\000-\000e\000r\001\121}{section.6}% 102
\BOOKMARK [3][-]{subsubsection.6.4.1}{\376\377\000\301\000r\000a\000m}{subsection.6.4}% 103
\BOOKMARK [2][-]{subsection.6.5}{\376\377\000S\000t\000a\000c\000i\000o\000n\000\341\000r\000i\000u\000s\000\040\000\341\000r\000a\000m\000,\000\040\000\341\000r\000a\000m\000k\000\366\000r\000i\000\040\000t\000\366\000r\000v\000\351\000n\000y\000e\000k\000:\000\040\000K\000i\000r\000c\000h\000h\000o\000f\000f\000-\000t\000\366\000r\000v\000\351\000n\000y\000e\000k\000,\000\040\000O\000h\000m\000-\000t\000\366\000r\000v\000\351\000n\000y}{section.6}% 104
\BOOKMARK [3][-]{subsubsection.6.5.1}{\376\377\000S\000t\000a\000c\000i\000o\000n\000\341\000r\000i\000u\000s\000\040\000\341\000r\000a\000m}{subsection.6.5}% 105
\BOOKMARK [3][-]{subsubsection.6.5.2}{\376\377\000B\000i\000o\000t\000-\000S\000a\000v\000a\000r\000t\000\040\000T\000\366\000r\000v\000\351\000n\000y}{subsection.6.5}% 106
\BOOKMARK [3][-]{subsubsection.6.5.3}{\376\377\000O\000h\000m\000-\000t\000\366\000r\000v\000\351\000n\000y}{subsection.6.5}% 107
\BOOKMARK [3][-]{subsubsection.6.5.4}{\376\377\000O\000h\000m\000-\000t\000\366\000r\000v\000\351\000n\000y\000\040\000k\000l\000a\000s\000s\000z\000i\000k\000u\000s\000\040\000a\000l\000a\000k}{subsection.6.5}% 108
\BOOKMARK [3][-]{subsubsection.6.5.5}{\376\377\000E\000l\000e\000k\000t\000r\000o\000m\000o\000t\000o\000r\000o\000s\000\040\000e\000r\001\121}{subsection.6.5}% 109
\BOOKMARK [3][-]{subsubsection.6.5.6}{\376\377\000K\000i\000r\000c\000h\000h\000o\000f\000f\000\040\000T\000\366\000r\000v\000\351\000n\000y\000e\000k}{subsection.6.5}% 110
\BOOKMARK [1][-]{section.7}{\376\377\000E\000l\000e\000k\000t\000r\000o\000d\000i\000n\000a\000m\000i\000k\000a}{}% 111
\BOOKMARK [2][-]{subsection.7.1}{\376\377\000E\000l\000e\000k\000t\000r\000o\000m\000\341\000g\000n\000e\000s\000e\000s\000\040\000i\000n\000d\000u\000k\000c\000i\000\363\000,\000\040\000F\000a\000r\000a\000d\000a\000y\000-\000t\000\366\000r\000v\000\351\000n\000y}{section.7}% 112
\BOOKMARK [3][-]{subsubsection.7.1.1}{\376\377\000I\000n\000d\000u\000k\000\341\000l\000t\000\040\000e\000l\000e\000k\000t\000r\000o\000m\000o\000s\000\040\000t\000\351\000r}{subsection.7.1}% 113
\BOOKMARK [3][-]{subsubsection.7.1.2}{\376\377\000I\000n\000d\000u\000k\000t\000i\000v\000i\000t\000\341\000s}{subsection.7.1}% 114
\BOOKMARK [2][-]{subsection.7.2}{\376\377\000V\000\341\000l\000t\000a\000k\000o\000z\000\363\000\040\000\341\000r\000a\000m\000,\000\040\000r\000e\000z\000g\001\121\000k\000\366\000r\000,\000\040\000t\000r\000a\000n\000s\000z\000f\000o\000r\000m\000\341\000t\000o\000r}{section.7}% 115
\BOOKMARK [3][-]{subsubsection.7.2.1}{\376\377\000V\000\341\000l\000t\000a\000k\000o\000z\000\363\000\040\000\341\000r\000a\000m}{subsection.7.2}% 116
\BOOKMARK [3][-]{subsubsection.7.2.2}{\376\377\000R\000e\000z\000g\001\121\000k\000\366\000r}{subsection.7.2}% 117
\BOOKMARK [3][-]{subsubsection.7.2.3}{\376\377\000T\000r\000a\000n\000s\000z\000o\000r\000m\000\341\000t\000o\000r}{subsection.7.2}% 118
\BOOKMARK [2][-]{subsection.7.3}{\376\377\000M\000a\000x\000w\000e\000l\000l\000-\000e\000g\000y\000e\000n\000l\000e\000t\000e\000k\000,\000\040\000a\000n\000y\000a\000g\000i\000\040\000\366\000s\000s\000z\000e\000f\000\374\000g\000g\000\351\000s\000e\000k\000,\000\040\000i\000l\000l\000e\000s\000z\000t\000\351\000s\000i\000\040\000f\000e\000l\000t\000\351\000t\000e\000l\000e\000k}{section.7}% 119
\BOOKMARK [3][-]{subsubsection.7.3.1}{\376\377\000M\000a\000x\000w\000e\000l\000l\000-\000E\000g\000y\000e\000n\000l\000e\000t\000e\000k}{subsection.7.3}% 120
\BOOKMARK [3][-]{subsubsection.7.3.2}{\376\377\000M\000a\000x\000w\000e\000l\000l\000-\000e\000g\000y\000e\000n\000l\000e\000t\000e\000k\000\040\000a\000n\000y\000a\000g\000b\000a\000n\000,\000\040\000a\000n\000y\000a\000g\000i\000\040\000\366\000s\000s\000z\000e\000f\000\374\000g\000g\000\351\000s\000e\000k}{subsection.7.3}% 121
\BOOKMARK [2][-]{subsection.7.4}{\376\377\000E\000l\000e\000k\000t\000r\000o\000m\000\341\000g\000n\000e\000s\000e\000s\000\040\000p\000o\000t\000e\000n\000c\000i\000\341\000l\000o\000k\000,\000\040\000m\000\351\000r\000t\000\351\000k\000i\000n\000v\000a\000r\000i\000a\000n\000c\000i\000a}{section.7}% 122
\BOOKMARK [3][-]{subsubsection.7.4.1}{\376\377\000m\000\351\000r\000t\000\351\000k\000i\000n\000v\000a\000r\000i\000a\000n\000c\000i\000a\000\040\000\050\000G\000a\000u\000g\000e\000\040\000T\000r\000a\000n\000s\000f\000o\000r\000m\000a\000t\000i\000o\000n\000\051}{subsection.7.4}% 123
\BOOKMARK [3][-]{subsubsection.7.4.2}{\376\377\000C\000o\000u\000l\000o\000m\000b\000\040\000m\000\351\000r\000t\000\351\000k}{subsection.7.4}% 124
\BOOKMARK [3][-]{subsubsection.7.4.3}{\376\377\000L\000o\000r\000e\000n\000t\000z\000\040\000m\000\351\000r\000t\000\351\000k}{subsection.7.4}% 125
\BOOKMARK [2][-]{subsection.7.5}{\376\377\000E\000l\000e\000k\000t\000r\000o\000m\000\341\000g\000n\000e\000s\000e\000s\000\040\000t\000\351\000r\000\040\000e\000n\000e\000r\000g\000i\000\341\000j\000a\000\040\000\351\000s\000\040\000i\000m\000p\000u\000l\000z\000u\000s\000a}{section.7}% 126
\BOOKMARK [3][-]{subsubsection.7.5.1}{\376\377\000K\000o\000n\000t\000i\000n\000u\000i\000t\000\341\000s\000i\000\040\000E\000g\000y\000e\000n\000l\000e\000t}{subsection.7.5}% 127
\BOOKMARK [3][-]{subsubsection.7.5.2}{\376\377\000P\000o\000y\000n\000t\000i\000n\000g\000\040\000t\000\351\000t\000e\000l}{subsection.7.5}% 128
\BOOKMARK [3][-]{subsubsection.7.5.3}{\376\377\000I\000m\000p\000u\000l\000z\000u\000s}{subsection.7.5}% 129
\BOOKMARK [1][-]{section.8}{\376\377\000H\000u\000l\000l\000\341\000m\000e\000g\000y\000e\000n\000l\000e\000t\000\040\000\351\000s\000\040\000h\000u\000l\000l\000\341\000m\000j\000e\000l\000e\000n\000s\000\351\000g\000e\000k}{}% 130
